
added 199 packages, and audited 200 packages in 5s

116 packages are looking for funding
  run `npm fund` for details

found 0 vulnerabilities
⚠ You are using a non-standard "NODE_ENV" value in your environment. This creates inconsistencies in the project and is strongly advised against. Read more: https://nextjs.org/docs/messages/non-standard-node-env
⚠ Warning: Next.js inferred your workspace root, but it may not be correct.
 We detected multiple lockfiles and selected the directory of /Users/augmentedmike/projects/bonsai-app/package-lock.json as the root directory.
 To silence this warning, set `turbopack.root` in your Next.js config, or consider removing one of the lockfiles if it's not needed.
   See https://nextjs.org/docs/app/api-reference/config/next-config-js/turbopack#root-directory for more information.
 Detected additional lockfiles: 
   * /Users/augmentedmike/projects/bonsai-app/worktrees/tkt_209/package-lock.json

▲ Next.js 16.1.6 (Turbopack)
- Local:         http://localhost:4010
- Network:       http://192.168.1.136:4010

✓ Starting...

  We detected TypeScript in your project and reconfigured your tsconfig.json file for you.
  The following suggested values were added to your tsconfig.json. These values can be changed to fit your project's needs:

  	- include was updated to add '.next/dev/dev/types/**/*.ts'

⚠ The "middleware" file convention is deprecated. Please use "proxy" instead. Learn more: https://nextjs.org/docs/messages/middleware-to-proxy
✓ Ready in 3s
[?25h
